[debug] [2023-09-24T08:34:57.496Z] ----------------------------------------------------------------------
[debug] [2023-09-24T08:34:57.498Z] Command:       C:\Program Files\nodejs\node.exe C:\Users\HP\AppData\Roaming\npm\node_modules\firebase-tools\lib\bin\firebase.js init
[debug] [2023-09-24T08:34:57.498Z] CLI Version:   12.5.4
[debug] [2023-09-24T08:34:57.499Z] Platform:      win32
[debug] [2023-09-24T08:34:57.499Z] Node Version:  v18.13.0
[debug] [2023-09-24T08:34:57.500Z] Time:          Sun Sep 24 2023 14:04:57 GMT+0530 (India Standard Time)
[debug] [2023-09-24T08:34:57.500Z] ----------------------------------------------------------------------
[debug] 
[debug] [2023-09-24T08:34:57.510Z] > command requires scopes: ["email","openid","https://www.googleapis.com/auth/cloudplatformprojects.readonly","https://www.googleapis.com/auth/firebase","https://www.googleapis.com/auth/cloud-platform"]
[debug] [2023-09-24T08:34:57.511Z] > authorizing via signed-in user (kamboj.shruti01@gmail.com)
[info] 
     ######## #### ########  ######## ########     ###     ######  ########
     ##        ##  ##     ## ##       ##     ##  ##   ##  ##       ##
     ######    ##  ########  ######   ########  #########  ######  ######
     ##        ##  ##    ##  ##       ##     ## ##     ##       ## ##
     ##       #### ##     ## ######## ########  ##     ##  ######  ########

You're about to initialize a Firebase project in this directory:

  C:\Users\HP\Desktop\expense-tracker

[debug] [2023-09-24T08:35:43.925Z] Error: Timed out.
    at Timeout._onTimeout (C:\Users\HP\AppData\Roaming\npm\node_modules\firebase-tools\lib\utils.js:254:49)
    at listOnTimeout (node:internal/timers:564:17)
    at process.processTimers (node:internal/timers:507:7)
[error] 
[error] Error: An unexpected error has occurred.
[debug] [2023-09-24T08:36:18.649Z] ----------------------------------------------------------------------
[debug] [2023-09-24T08:36:18.651Z] Command:       C:\Program Files\nodejs\node.exe C:\Users\HP\AppData\Roaming\npm\node_modules\firebase-tools\lib\bin\firebase.js init
[debug] [2023-09-24T08:36:18.652Z] CLI Version:   12.5.4
[debug] [2023-09-24T08:36:18.652Z] Platform:      win32
[debug] [2023-09-24T08:36:18.652Z] Node Version:  v18.13.0
[debug] [2023-09-24T08:36:18.660Z] Time:          Sun Sep 24 2023 14:06:18 GMT+0530 (India Standard Time)
[debug] [2023-09-24T08:36:18.660Z] ----------------------------------------------------------------------
[debug] 
[debug] [2023-09-24T08:36:18.671Z] > command requires scopes: ["email","openid","https://www.googleapis.com/auth/cloudplatformprojects.readonly","https://www.googleapis.com/auth/firebase","https://www.googleapis.com/auth/cloud-platform"]
[debug] [2023-09-24T08:36:18.671Z] > authorizing via signed-in user (kamboj.shruti01@gmail.com)
[info] 
     ######## #### ########  ######## ########     ###     ######  ########
     ##        ##  ##     ## ##       ##     ##  ##   ##  ##       ##
     ######    ##  ########  ######   ########  #########  ######  ######
     ##        ##  ##    ##  ##       ##     ## ##     ##       ## ##
     ##       #### ##     ## ######## ########  ##     ##  ######  ########

You're about to initialize a Firebase project in this directory:

  C:\Users\HP\Desktop\expense-tracker

[info] 
=== Project Setup
[info] 
[info] First, let's associate this project directory with a Firebase project.
[info] You can create multiple project aliases by running firebase use --add, 
[info] but for now we'll just set up a default project.
[info] 
[debug] [2023-09-24T08:38:12.762Z] > refreshing access token with scopes: []
[debug] [2023-09-24T08:38:12.764Z] >>> [apiv2][query] POST https://www.googleapis.com/oauth2/v3/token [none]
[debug] [2023-09-24T08:38:12.764Z] >>> [apiv2][body] POST https://www.googleapis.com/oauth2/v3/token [omitted]
[debug] [2023-09-24T08:38:13.385Z] <<< [apiv2][status] POST https://www.googleapis.com/oauth2/v3/token 200
[debug] [2023-09-24T08:38:13.385Z] <<< [apiv2][body] POST https://www.googleapis.com/oauth2/v3/token [omitted]
[debug] [2023-09-24T08:38:13.396Z] >>> [apiv2][query] GET https://firebase.googleapis.com/v1beta1/projects pageSize=100
[debug] [2023-09-24T08:38:14.492Z] <<< [apiv2][status] GET https://firebase.googleapis.com/v1beta1/projects 200
[debug] [2023-09-24T08:38:14.492Z] <<< [apiv2][body] GET https://firebase.googleapis.com/v1beta1/projects [omitted]
[info] i  Using project expense-tracker-95a26 (expense-tracker) 
[info] 
=== Hosting Setup
[info] 
[info] Your public directory is the folder (relative to your project directory) that
[info] will contain Hosting assets to be uploaded with firebase deploy. If you
[info] have a build process for your assets, use your build's output directory.
[info] 
[info] +  Wrote public/404.html 
[debug] [2023-09-24T08:39:21.567Z] >>> [apiv2][query] GET https://www.gstatic.com/firebasejs/releases.json [none]
[debug] [2023-09-24T08:39:22.011Z] <<< [apiv2][status] GET https://www.gstatic.com/firebasejs/releases.json 200
[debug] [2023-09-24T08:39:22.011Z] <<< [apiv2][body] GET https://www.gstatic.com/firebasejs/releases.json {"current":{"version":"10.4.0","browserURL":"https://www.gstatic.com/firebasejs/10.4.0/firebase.js","packageURL":"https://www.gstatic.com/firebasejs/10.4.0/firebase.tgz"},"live":{"version":"10.4","browserURL":"https://www.gstatic.com/firebasejs/live/10.4/firebase.js","packageURL":"https://www.gstatic.com/firebasejs/live/10.4/firebase.tgz"},"components":{"analytics":"https://www.gstatic.com/firebasejs/10.4.0/firebase-analytics.js","app":"https://www.gstatic.com/firebasejs/10.4.0/firebase-app.js","app-check":"https://www.gstatic.com/firebasejs/10.4.0/firebase-app-check.js","auth":"https://www.gstatic.com/firebasejs/10.4.0/firebase-auth.js","auth/cordova":"https://www.gstatic.com/firebasejs/10.4.0/firebase-auth/cordova.js","functions":"https://www.gstatic.com/firebasejs/10.4.0/firebase-functions.js","firestore":"https://www.gstatic.com/firebasejs/10.4.0/firebase-firestore.js","firestore/lite":"https://www.gstatic.com/firebasejs/10.4.0/firebase-firestore/lite.js","installations":"https://www.gstatic.com/firebasejs/10.4.0/firebase-installations.js","storage":"https://www.gstatic.com/firebasejs/10.4.0/firebase-storage.js","performance":"https://www.gstatic.com/firebasejs/10.4.0/firebase-performance.js","remote-config":"https://www.gstatic.com/firebasejs/10.4.0/firebase-remote-config.js","messaging":"https://www.gstatic.com/firebasejs/10.4.0/firebase-messaging.js","messaging/sw":"https://www.gstatic.com/firebasejs/10.4.0/firebase-messaging/sw.js","database":"https://www.gstatic.com/firebasejs/10.4.0/firebase-database.js","firestore.memory":"https://www.gstatic.com/firebasejs/10.4.0/firebase-firestore.memory.js"}}
[info] i  Skipping write of public/index.html 
[info] 
[info] i  Detected a .git folder at C:\Users\HP 
[info] i  Authorizing with GitHub to upload your service account to a GitHub repository's secrets store. 
[info] 
[info] Visit this URL on this device to log in:
[info] https://github.com/login/oauth/authorize?client_id=89cf50f02ac6aaed3484&state=796907358&redirect_uri=http%3A%2F%2Flocalhost%3A9005&scope=read%3Auser%20repo%20public_repo
[info] 
[info] Waiting for authentication...
[debug] [2023-09-24T08:40:38.514Z] >>> [apiv2][query] POST https://github.com/login/oauth/access_token [none]
[debug] [2023-09-24T08:40:38.514Z] >>> [apiv2][body] POST https://github.com/login/oauth/access_token [stream]
[debug] [2023-09-24T08:40:38.993Z] <<< [apiv2][status] POST https://github.com/login/oauth/access_token 200
[debug] [2023-09-24T08:40:38.993Z] <<< [apiv2][body] POST https://github.com/login/oauth/access_token {"access_token":"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","token_type":"bearer","scope":"read:user,repo"}
[debug] [2023-09-24T08:40:39.002Z] >>> [apiv2][query] GET https://api.github.com/user [none]
[debug] [2023-09-24T08:40:39.477Z] <<< [apiv2][status] GET https://api.github.com/user 200
[debug] [2023-09-24T08:40:39.477Z] <<< [apiv2][body] GET https://api.github.com/user {"login":"shruti-kamboj01","id":121478636,"node_id":"U_kgDOBz2d7A","avatar_url":"https://avatars.githubusercontent.com/u/121478636?v=4","gravatar_id":"","url":"https://api.github.com/users/shruti-kamboj01","html_url":"https://github.com/shruti-kamboj01","followers_url":"https://api.github.com/users/shruti-kamboj01/followers","following_url":"https://api.github.com/users/shruti-kamboj01/following{/other_user}","gists_url":"https://api.github.com/users/shruti-kamboj01/gists{/gist_id}","starred_url":"https://api.github.com/users/shruti-kamboj01/starred{/owner}{/repo}","subscriptions_url":"https://api.github.com/users/shruti-kamboj01/subscriptions","organizations_url":"https://api.github.com/users/shruti-kamboj01/orgs","repos_url":"https://api.github.com/users/shruti-kamboj01/repos","events_url":"https://api.github.com/users/shruti-kamboj01/events{/privacy}","received_events_url":"https://api.github.com/users/shruti-kamboj01/received_events","type":"User","site_admin":false,"name":"SHRUTI KAMBOJ","company":null,"blog":"","location":"Madhya Pradesh","email":null,"hireable":null,"bio":"C++ | Full Stack Web Developer","twitter_username":null,"public_repos":5,"public_gists":0,"followers":0,"following":0,"created_at":"2022-12-27T06:30:36Z","updated_at":"2023-09-01T09:31:10Z","private_gists":0,"total_private_repos":1,"owned_private_repos":1,"disk_usage":3607,"collaborators":0,"two_factor_authentication":false,"plan":{"name":"free","space":976562499,"collaborators":0,"private_repos":10000}}
[info] 
[info] +  Success! Logged into GitHub as shruti-kamboj01 
[info] 
